<?xml version="1.0" encoding="UTF-8"?>
<testng-results ignored="0" total="1" passed="1" failed="0" skipped="0">
  <reporter-output>
  </reporter-output>
  <suite started-at="2022-08-31T22:27:43 EDT" name="Default suite" finished-at="2022-08-31T22:27:58 EDT" duration-ms="14842">
    <groups>
    </groups>
    <test started-at="2022-08-31T22:27:43 EDT" name="Default test" finished-at="2022-08-31T22:27:58 EDT" duration-ms="14842">
      <class name="test1.addcustomertest">
        <test-method signature="validusershouldbeabletolonin()[pri:0, instance:test1.addcustomertest@3246fb96]" started-at="2022-08-31T22:27:44 EDT" name="validusershouldbeabletolonin" finished-at="2022-08-31T22:27:58 EDT" duration-ms="14771" status="PASS">
          <reporter-output>
          </reporter-output>
        </test-method> <!-- validusershouldbeabletolonin -->
      </class> <!-- test1.addcustomertest -->
    </test> <!-- Default test -->
  </suite> <!-- Default suite -->
</testng-results>
